app/build/intermediates/manifest_merge_blame_file/debug/processDebugMainManifest/manifest-merger-blame-debug-report.txt
1<?xml version="1.0" encoding="utf-8"?>
2<!-- <?xml version="1.0" encoding="utf-8"?> -->
3<!-- <manifest xmlns:android="http://schemas.android.com/apk/res/android" -->
4<!-- xmlns:tools="http://schemas.android.com/tools"> -->
5<!-- <uses-permission android:name="android.permission.BLUETOOTH" /> -->
6<!-- <uses-permission android:name="android.permission.BLUETOOTH_ADMIN" /> -->
7<!-- <uses-permission android:name="android.permission.ACCESS_FINE_LOCATION" /> -->
8<!-- <uses-permission android:name="android.permission.ACCESS_COARSE_LOCATION"/> -->
9<!-- <uses-permission android:name="android.permission.BLUETOOTH_CONNECT" /> -->
10<!-- <uses-permission android:name="android.permission.BLUETOOTH_ADVERTISE" /> -->
11<!-- <uses-permission android:name="android.permission.BLUETOOTH_SCAN" /> -->
12<!-- <uses-permission android:name="android.permission.MANAGE_DEVICE_POLICY_RUNTIME_PERMISSIONS" /> -->
13<!-- <application -->
14<!-- android:allowBackup="true" -->
15<!-- android:dataExtractionRules="@xml/data_extraction_rules" -->
16<!-- android:fullBackupContent="@xml/backup_rules" -->
17<!-- android:icon="@mipmap/ic_launcher" -->
18<!-- android:label="@string/app_name" -->
19<!-- android:roundIcon="@mipmap/ic_launcher_round" -->
20<!-- android:supportsRtl="true" -->
21<!-- android:theme="@style/Theme.VuelingHelp" -->
22<!-- tools:targetApi="31"> -->
23<!-- <activity -->
24<!-- android:name=".MainActivity" -->
25<!-- android:exported="true" -->
26<!-- android:label="@string/app_name" -->
27<!-- android:theme="@style/Theme.VuelingHelp"> -->
28<!-- <intent-filter> -->
29<!-- <action android:name="android.intent.action.MAIN" /> -->
30<!-- <category android:name="android.intent.category.LAUNCHER" /> -->
31<!-- </intent-filter> -->
32<!-- </activity> -->
33<!-- </application> -->
34<!-- </manifest> -->
35<manifest xmlns:android="http://schemas.android.com/apk/res/android"
36    package="com.tekhmos.vuelinghelp"
37    android:versionCode="1"
38    android:versionName="1.0" >
39
40    <uses-sdk
41        android:minSdkVersion="33"
42        android:targetSdkVersion="35" />
43
44    <uses-permission android:name="android.permission.ACCESS_FINE_LOCATION" />
44-->src\main\AndroidManifest.xml:41:1-75
44-->src\main\AndroidManifest.xml:41:18-72
45    <uses-permission android:name="android.permission.ACCESS_COARSE_LOCATION" />
45-->src\main\AndroidManifest.xml:42:1-77
45-->src\main\AndroidManifest.xml:42:18-74
46    <uses-permission android:name="android.permission.BLUETOOTH" />
46-->src\main\AndroidManifest.xml:43:1-64
46-->src\main\AndroidManifest.xml:43:18-61
47    <uses-permission android:name="android.permission.BLUETOOTH_ADMIN" />
47-->src\main\AndroidManifest.xml:44:1-70
47-->src\main\AndroidManifest.xml:44:18-67
48    <uses-permission android:name="android.permission.BLUETOOTH_CONNECT" />
48-->src\main\AndroidManifest.xml:45:1-72
48-->src\main\AndroidManifest.xml:45:18-69
49    <uses-permission android:name="android.permission.BLUETOOTH_ADVERTISE" />
49-->src\main\AndroidManifest.xml:46:1-74
49-->src\main\AndroidManifest.xml:46:18-71
50    <uses-permission android:name="android.permission.BLUETOOTH_SCAN" />
50-->src\main\AndroidManifest.xml:47:1-69
50-->src\main\AndroidManifest.xml:47:18-66
51    <uses-permission android:name="android.permission.ACCESS_NETWORK_STATE" />
51-->[com.google.android.gms:play-services-nearby:19.3.0] AndroidManifest.xml:6:5-79
51-->[com.google.android.gms:play-services-nearby:19.3.0] AndroidManifest.xml:6:22-76
52
53    <permission
53-->[androidx.core:core:1.16.0] AndroidManifest.xml:22:5-24:47
54        android:name="com.tekhmos.vuelinghelp.DYNAMIC_RECEIVER_NOT_EXPORTED_PERMISSION"
54-->[androidx.core:core:1.16.0] AndroidManifest.xml:23:9-81
55        android:protectionLevel="signature" />
55-->[androidx.core:core:1.16.0] AndroidManifest.xml:24:9-44
56
57    <uses-permission android:name="com.tekhmos.vuelinghelp.DYNAMIC_RECEIVER_NOT_EXPORTED_PERMISSION" />
57-->[androidx.core:core:1.16.0] AndroidManifest.xml:26:5-97
57-->[androidx.core:core:1.16.0] AndroidManifest.xml:26:22-94
58
59    <application
59-->src\main\AndroidManifest.xml:49:1-61:15
60        android:allowBackup="true"
60-->src\main\AndroidManifest.xml:51:5-31
61        android:appComponentFactory="androidx.core.app.CoreComponentFactory"
61-->[androidx.core:core:1.16.0] AndroidManifest.xml:28:18-86
62        android:debuggable="true"
63        android:extractNativeLibs="false"
64        android:label="NearbyDemo"
64-->src\main\AndroidManifest.xml:52:5-31
65        android:supportsRtl="true"
65-->src\main\AndroidManifest.xml:53:5-31
66        android:testOnly="true"
67        android:theme="@style/Theme.VuelingHelp" >
67-->src\main\AndroidManifest.xml:50:5-45
68        <activity
68-->src\main\AndroidManifest.xml:54:5-60:16
69            android:name="com.tekhmos.vuelinghelp.MainActivity"
69-->src\main\AndroidManifest.xml:54:15-43
70            android:exported="true" >
70-->src\main\AndroidManifest.xml:55:9-32
71            <intent-filter>
71-->src\main\AndroidManifest.xml:56:9-59:25
72                <action android:name="android.intent.action.MAIN" />
72-->src\main\AndroidManifest.xml:57:13-65
72-->src\main\AndroidManifest.xml:57:21-62
73
74                <category android:name="android.intent.category.LAUNCHER" />
74-->src\main\AndroidManifest.xml:58:13-73
74-->src\main\AndroidManifest.xml:58:23-70
75            </intent-filter>
76        </activity>
77        <activity
77-->[androidx.compose.ui:ui-tooling-android:1.7.0] AndroidManifest.xml:23:9-25:39
78            android:name="androidx.compose.ui.tooling.PreviewActivity"
78-->[androidx.compose.ui:ui-tooling-android:1.7.0] AndroidManifest.xml:24:13-71
79            android:exported="true" />
79-->[androidx.compose.ui:ui-tooling-android:1.7.0] AndroidManifest.xml:25:13-36
80        <activity
80-->[androidx.compose.ui:ui-test-manifest:1.7.0] AndroidManifest.xml:23:9-25:39
81            android:name="androidx.activity.ComponentActivity"
81-->[androidx.compose.ui:ui-test-manifest:1.7.0] AndroidManifest.xml:24:13-63
82            android:exported="true" />
82-->[androidx.compose.ui:ui-test-manifest:1.7.0] AndroidManifest.xml:25:13-36
83
84        <service
84-->[com.google.android.gms:play-services-nearby:19.3.0] AndroidManifest.xml:9:9-214
85            android:name="com.google.android.gms.nearby.exposurenotification.WakeUpService"
85-->[com.google.android.gms:play-services-nearby:19.3.0] AndroidManifest.xml:9:18-97
86            android:exported="true"
86-->[com.google.android.gms:play-services-nearby:19.3.0] AndroidManifest.xml:9:98-121
87            android:permission="com.google.android.gms.nearby.exposurenotification.EXPOSURE_CALLBACK" />
87-->[com.google.android.gms:play-services-nearby:19.3.0] AndroidManifest.xml:9:122-211
88
89        <activity
89-->[com.google.android.gms:play-services-base:18.5.0] AndroidManifest.xml:5:9-173
90            android:name="com.google.android.gms.common.api.GoogleApiActivity"
90-->[com.google.android.gms:play-services-base:18.5.0] AndroidManifest.xml:5:19-85
91            android:exported="false"
91-->[com.google.android.gms:play-services-base:18.5.0] AndroidManifest.xml:5:146-170
92            android:theme="@android:style/Theme.Translucent.NoTitleBar" />
92-->[com.google.android.gms:play-services-base:18.5.0] AndroidManifest.xml:5:86-145
93
94        <meta-data
94-->[com.google.android.gms:play-services-basement:18.4.0] AndroidManifest.xml:6:9-122
95            android:name="com.google.android.gms.version"
95-->[com.google.android.gms:play-services-basement:18.4.0] AndroidManifest.xml:6:20-65
96            android:value="@integer/google_play_services_version" />
96-->[com.google.android.gms:play-services-basement:18.4.0] AndroidManifest.xml:6:66-119
97
98        <provider
98-->[androidx.emoji2:emoji2:1.3.0] AndroidManifest.xml:24:9-32:20
99            android:name="androidx.startup.InitializationProvider"
99-->[androidx.emoji2:emoji2:1.3.0] AndroidManifest.xml:25:13-67
100            android:authorities="com.tekhmos.vuelinghelp.androidx-startup"
100-->[androidx.emoji2:emoji2:1.3.0] AndroidManifest.xml:26:13-68
101            android:exported="false" >
101-->[androidx.emoji2:emoji2:1.3.0] AndroidManifest.xml:27:13-37
102            <meta-data
102-->[androidx.emoji2:emoji2:1.3.0] AndroidManifest.xml:29:13-31:52
103                android:name="androidx.emoji2.text.EmojiCompatInitializer"
103-->[androidx.emoji2:emoji2:1.3.0] AndroidManifest.xml:30:17-75
104                android:value="androidx.startup" />
104-->[androidx.emoji2:emoji2:1.3.0] AndroidManifest.xml:31:17-49
105            <meta-data
105-->[androidx.lifecycle:lifecycle-process:2.8.7] AndroidManifest.xml:29:13-31:52
106                android:name="androidx.lifecycle.ProcessLifecycleInitializer"
106-->[androidx.lifecycle:lifecycle-process:2.8.7] AndroidManifest.xml:30:17-78
107                android:value="androidx.startup" />
107-->[androidx.lifecycle:lifecycle-process:2.8.7] AndroidManifest.xml:31:17-49
108            <meta-data
108-->[androidx.profileinstaller:profileinstaller:1.4.0] AndroidManifest.xml:29:13-31:52
109                android:name="androidx.profileinstaller.ProfileInstallerInitializer"
109-->[androidx.profileinstaller:profileinstaller:1.4.0] AndroidManifest.xml:30:17-85
110                android:value="androidx.startup" />
110-->[androidx.profileinstaller:profileinstaller:1.4.0] AndroidManifest.xml:31:17-49
111        </provider>
112
113        <receiver
113-->[androidx.profileinstaller:profileinstaller:1.4.0] AndroidManifest.xml:34:9-52:20
114            android:name="androidx.profileinstaller.ProfileInstallReceiver"
114-->[androidx.profileinstaller:profileinstaller:1.4.0] AndroidManifest.xml:35:13-76
115            android:directBootAware="false"
115-->[androidx.profileinstaller:profileinstaller:1.4.0] AndroidManifest.xml:36:13-44
116            android:enabled="true"
116-->[androidx.profileinstaller:profileinstaller:1.4.0] AndroidManifest.xml:37:13-35
117            android:exported="true"
117-->[androidx.profileinstaller:profileinstaller:1.4.0] AndroidManifest.xml:38:13-36
118            android:permission="android.permission.DUMP" >
118-->[androidx.profileinstaller:profileinstaller:1.4.0] AndroidManifest.xml:39:13-57
119            <intent-filter>
119-->[androidx.profileinstaller:profileinstaller:1.4.0] AndroidManifest.xml:40:13-42:29
120                <action android:name="androidx.profileinstaller.action.INSTALL_PROFILE" />
120-->[androidx.profileinstaller:profileinstaller:1.4.0] AndroidManifest.xml:41:17-91
120-->[androidx.profileinstaller:profileinstaller:1.4.0] AndroidManifest.xml:41:25-88
121            </intent-filter>
122            <intent-filter>
122-->[androidx.profileinstaller:profileinstaller:1.4.0] AndroidManifest.xml:43:13-45:29
123                <action android:name="androidx.profileinstaller.action.SKIP_FILE" />
123-->[androidx.profileinstaller:profileinstaller:1.4.0] AndroidManifest.xml:44:17-85
123-->[androidx.profileinstaller:profileinstaller:1.4.0] AndroidManifest.xml:44:25-82
124            </intent-filter>
125            <intent-filter>
125-->[androidx.profileinstaller:profileinstaller:1.4.0] AndroidManifest.xml:46:13-48:29
126                <action android:name="androidx.profileinstaller.action.SAVE_PROFILE" />
126-->[androidx.profileinstaller:profileinstaller:1.4.0] AndroidManifest.xml:47:17-88
126-->[androidx.profileinstaller:profileinstaller:1.4.0] AndroidManifest.xml:47:25-85
127            </intent-filter>
128            <intent-filter>
128-->[androidx.profileinstaller:profileinstaller:1.4.0] AndroidManifest.xml:49:13-51:29
129                <action android:name="androidx.profileinstaller.action.BENCHMARK_OPERATION" />
129-->[androidx.profileinstaller:profileinstaller:1.4.0] AndroidManifest.xml:50:17-95
129-->[androidx.profileinstaller:profileinstaller:1.4.0] AndroidManifest.xml:50:25-92
130            </intent-filter>
131        </receiver>
132    </application>
133
134</manifest>